%!Adobe-FontList 1.14
%Locale:0x409

%BeginFont
Handler:DirectoryHandler
FontType:Type1
FontName:Share-Bold
FamilyName:Share-Bold
StyleName:Regular
MenuName:Share-Bold
StyleBits:0
WeightClass:700
WidthClass:5
AngleClass:0
FullName:Share-Bold
WritingScript:Roman
OutlineFileName:\Share-Bold.otf
DataFormat:sfntData
UsesStandardEncoding:yes
isCFF:yes
FileLength:28740
FileModTime:1130695382
%EndFont

%BeginFont
Handler:DirectoryHandler
FontType:Type1
FontName:Share-Regular
FamilyName:Share-Regular
StyleName:Regular
MenuName:Share-Regular
StyleBits:0
WeightClass:400
WidthClass:5
AngleClass:0
FullName:Share-Regular
WritingScript:Roman
OutlineFileName:\Share-Regular.otf
DataFormat:sfntData
UsesStandardEncoding:yes
isCFF:yes
FileLength:28096
FileModTime:1130695382
%EndFont

%BeginFont
Handler:DirectoryHandler
FontType:Type1
FontName:SourceSansPro-Bold
FamilyName:Source Sans Pro
StyleName:Bold
MenuName:Source Sans Pro
StyleBits:2
WeightClass:700
WidthClass:5
AngleClass:0
FullName:Source Sans Pro Bold
WritingScript:Roman
OutlineFileName:\SourceSansPro-Bold.otf
DataFormat:sfntData
UsesStandardEncoding:yes
isCFF:yes
FileLength:129212
FileModTime:1383837304
DesignSize:100
%EndFont

%BeginFont
Handler:DirectoryHandler
FontType:Type1
FontName:SourceSansPro-Light
FamilyName:Source Sans Pro
StyleName:Light
MenuName:Source Sans Pro Light
StyleBits:0
WeightClass:300
WidthClass:5
AngleClass:0
FullName:Source Sans Pro Light
WritingScript:Roman
OutlineFileName:\SourceSansPro-Light.otf
DataFormat:sfntData
UsesStandardEncoding:yes
isCFF:yes
FileLength:124476
FileModTime:1383837298
DesignSize:100
%EndFont

